2017-01-24 10:52:05 - chore: update requirements.txt
2017-01-24 11:13:56 - test: extend test coverage
2017-01-24 14:44:37 - feat: improve training pipeline
2017-01-28 18:21:46 - feat: add initial function
2017-01-28 15:19:41 - refactor: optimize message handling
2017-02-01 16:54:02 - chore: update requirements.txt
2017-02-01 19:01:57 - feat: add initial function
2017-02-01 15:46:57 - docs: add installation guide
2017-02-05 11:52:35 - docs: update usage examples
2017-02-09 16:23:58 - test: extend test coverage
2017-02-09 17:34:49 - docs: add installation guide
2017-02-09 20:07:05 - chore: update requirements.txt
2017-02-13 15:56:51 - refactor: optimize message handling
2017-02-13 12:44:44 - docs: update usage examples
2017-02-13 20:14:49 - chore: update dependencies
2017-02-17 14:16:22 - feat: support user sessions
2017-02-17 16:44:17 - feat: support user sessions
2017-02-17 16:44:10 - docs: update usage examples
2017-02-21 14:13:33 - feat: add initial function
2017-02-21 17:56:20 - fix: update response parser
2017-02-21 18:05:10 - docs: update usage examples
2017-02-21 09:43:22 - feat: improve training pipeline
2017-02-25 20:41:44 - test: add unit tests for nlp module
2017-03-01 09:03:56 - docs: update usage examples
2017-03-01 11:10:16 - fix: update response parser
2017-03-01 16:21:14 - feat: improve training pipeline
2017-03-05 13:50:25 - docs: add installation guide
2017-03-05 17:55:29 - chore: update requirements.txt
2017-03-09 12:05:08 - refactor: optimize message handling
2017-03-09 13:15:55 - feat: support user sessions
2017-03-09 14:36:36 - fix: handle empty input gracefully
2017-03-09 13:50:34 - feat: support user sessions
2017-03-13 13:37:29 - test: add unit tests for nlp module
2017-03-13 17:35:48 - docs: add installation guide
2017-03-13 12:27:44 - test: extend test coverage
2017-03-13 18:35:30 - feat: improve training pipeline
2017-03-17 14:25:00 - feat: add initial function
2017-03-17 19:13:25 - test: extend test coverage
2017-03-17 20:49:54 - feat: support user sessions
2017-03-21 17:30:09 - test: extend test coverage
2017-03-21 09:06:18 - chore: update dependencies
2017-03-21 19:17:01 - test: add unit tests for nlp module
2017-03-25 09:52:36 - feat: improve training pipeline
2017-03-29 12:50:41 - test: extend test coverage
2017-03-29 09:52:27 - feat: support user sessions
2017-03-29 17:50:10 - refactor: clean up utils
2017-03-29 13:52:57 - chore: update requirements.txt
2017-04-02 11:07:28 - docs: update usage examples
2017-04-06 18:10:56 - chore: update dependencies
2017-04-06 15:36:56 - feat: add logging support
2017-04-06 20:02:12 - docs: add installation guide
2017-04-10 14:32:35 - fix: typo in README
2017-04-10 16:09:46 - fix: update response parser
2017-04-10 16:13:34 - refactor: optimize message handling
2017-04-14 10:40:07 - chore: update dependencies
2017-04-14 12:47:18 - chore: update requirements.txt
2017-04-14 10:17:20 - feat: support user sessions
2017-04-18 16:17:34 - docs: update usage examples
2017-04-18 09:05:21 - fix: update response parser
2017-04-18 12:45:11 - feat: add logging support
2017-04-18 16:48:31 - fix: handle empty input gracefully
2017-04-22 19:40:32 - chore: update dependencies
2017-04-26 16:57:24 - docs: update usage examples
2017-04-26 16:08:48 - feat: add initial function
2017-04-26 13:06:04 - test: add unit tests for nlp module
2017-04-26 09:06:06 - feat: improve training pipeline
2017-04-30 10:57:51 - test: add unit tests for nlp module
2017-05-04 18:05:09 - fix: handle empty input gracefully
2017-05-04 16:29:55 - fix: typo in README
2017-05-04 10:00:57 - feat: improve training pipeline
2017-05-04 14:55:36 - feat: add logging support
2017-05-08 11:50:34 - feat: support user sessions
2017-05-08 12:13:09 - refactor: optimize message handling
2017-05-08 16:40:44 - feat: add logging support
2017-05-08 20:39:00 - feat: add initial function
2017-05-12 17:16:16 - chore: update requirements.txt
2017-05-12 15:28:56 - fix: handle empty input gracefully
2017-05-12 20:45:43 - fix: update response parser
2017-05-12 15:03:11 - refactor: clean up utils
2017-05-16 11:13:07 - test: extend test coverage
2017-05-16 19:40:30 - docs: add installation guide
2017-05-16 13:02:07 - refactor: clean up utils
2017-05-20 16:52:34 - docs: update usage examples
2017-05-24 12:25:13 - feat: add initial function
2017-05-24 12:09:51 - refactor: clean up utils
2017-05-24 09:57:51 - refactor: optimize message handling
2017-05-24 11:04:01 - test: extend test coverage
2017-05-28 14:50:36 - test: extend test coverage
2017-06-01 18:09:49 - feat: add logging support
2017-06-01 10:25:49 - docs: update usage examples
2017-06-01 12:34:01 - test: extend test coverage
2017-06-01 20:35:19 - feat: improve training pipeline
2017-06-05 19:03:32 - feat: add initial function
2017-06-05 12:45:58 - feat: improve training pipeline
2017-06-05 15:36:32 - test: add unit tests for nlp module
2017-06-09 19:57:59 - chore: update dependencies
2017-06-09 11:58:08 - refactor: optimize message handling
2017-06-09 18:47:09 - docs: add installation guide
2017-06-09 16:47:34 - feat: add logging support
2017-06-13 13:57:09 - fix: update response parser
2017-06-13 10:17:38 - feat: add logging support
2017-06-13 14:44:55 - chore: update dependencies
2017-06-17 09:02:13 - refactor: optimize message handling
2017-06-17 11:39:08 - docs: update usage examples
2017-06-21 20:43:35 - chore: update requirements.txt
2017-06-21 12:28:53 - fix: handle empty input gracefully
2017-06-21 15:04:53 - feat: support user sessions
2017-06-21 14:12:09 - test: extend test coverage
2017-06-25 15:45:15 - chore: update requirements.txt
2017-06-29 18:49:48 - chore: update requirements.txt
2017-06-29 17:45:33 - chore: update dependencies
2017-06-29 15:26:25 - fix: handle empty input gracefully
2017-07-03 12:21:19 - chore: update requirements.txt
2017-07-03 18:44:17 - feat: add initial function
2017-07-03 15:59:35 - docs: update usage examples
2017-07-03 09:37:07 - fix: update response parser
2017-07-07 17:28:19 - chore: update requirements.txt
2017-07-07 17:22:10 - chore: update dependencies
2017-07-07 11:18:43 - refactor: clean up utils
2017-07-07 13:00:36 - fix: handle empty input gracefully
2017-07-11 12:05:14 - feat: improve training pipeline
2017-07-11 14:27:55 - refactor: optimize message handling
2017-07-11 09:56:47 - test: add unit tests for nlp module
2017-07-15 19:28:15 - fix: typo in README
2017-07-15 18:24:20 - fix: handle empty input gracefully
2017-07-19 12:33:48 - feat: support user sessions
2017-07-19 17:38:53 - feat: add initial function
2017-07-19 11:37:19 - docs: update usage examples
2017-07-19 12:49:40 - test: add unit tests for nlp module
2017-07-23 10:48:57 - chore: update dependencies
2017-07-27 14:50:21 - feat: improve training pipeline
2017-07-27 19:37:54 - fix: update response parser
2017-07-27 14:37:42 - refactor: clean up utils
2017-07-27 16:09:44 - feat: add initial function
2017-07-31 16:47:57 - test: add unit tests for nlp module
2017-07-31 19:47:59 - fix: update response parser
2017-07-31 13:22:54 - docs: add installation guide
2017-08-04 12:22:32 - feat: support user sessions
2017-08-04 14:01:12 - refactor: clean up utils
2017-08-04 16:18:29 - chore: update requirements.txt
2017-08-08 18:51:03 - fix: typo in README
2017-08-08 14:56:43 - feat: add initial function
2017-08-08 09:08:22 - fix: update response parser
2017-08-12 14:23:48 - refactor: optimize message handling
2017-08-12 11:40:19 - chore: update dependencies
2017-08-16 11:42:10 - feat: add initial function
2017-08-16 13:28:43 - fix: typo in README
2017-08-16 19:47:23 - docs: add installation guide
2017-08-16 15:33:06 - feat: add logging support
2017-08-20 15:41:47 - docs: update usage examples
2017-08-24 16:43:00 - docs: update usage examples
2017-08-24 17:41:55 - feat: improve training pipeline
2017-08-24 10:23:45 - fix: typo in README
2017-08-28 11:57:45 - feat: add initial function
2017-08-28 20:34:42 - test: extend test coverage
2017-08-28 17:57:36 - chore: update requirements.txt
2017-09-01 17:47:17 - feat: support user sessions
2017-09-01 12:51:00 - feat: support user sessions
2017-09-01 09:11:45 - fix: typo in README
2017-09-01 18:29:21 - feat: add logging support
2017-09-05 18:18:55 - test: add unit tests for nlp module
2017-09-05 14:46:08 - fix: typo in README
2017-09-05 12:14:33 - feat: support user sessions
2017-09-05 11:50:42 - refactor: clean up utils
2017-09-09 20:23:37 - feat: support user sessions
2017-09-09 19:43:34 - chore: update requirements.txt
2017-09-13 13:17:33 - chore: update requirements.txt
2017-09-13 19:42:51 - feat: add logging support
